  Credit.cpp
  Game.cpp
  Gameover.cpp
  Gameplay.cpp
D:\GAME BY SFML\GAME_SNAKE\GAME_SNAKE\Gameplay.cpp(29,22): warning C4244:  '=': conversion from 'int' to 'float', possible loss of data
D:\GAME BY SFML\GAME_SNAKE\GAME_SNAKE\Gameplay.cpp(30,22): warning C4244:  '=': conversion from 'int' to 'float', possible loss of data
D:\GAME BY SFML\GAME_SNAKE\GAME_SNAKE\Gameplay.cpp(92,22): warning C4244:  '=': conversion from 'int' to 'float', possible loss of data
D:\GAME BY SFML\GAME_SNAKE\GAME_SNAKE\Gameplay.cpp(93,22): warning C4244:  '=': conversion from 'int' to 'float', possible loss of data
D:\GAME BY SFML\GAME_SNAKE\GAME_SNAKE\Gameplay.cpp(102,38): warning C4305:  'argument': truncation from 'double' to 'float'
D:\GAME BY SFML\GAME_SNAKE\GAME_SNAKE\Gameplay.cpp(306,18): warning C4244:  '=': conversion from 'int' to 'float', possible loss of data
D:\GAME BY SFML\GAME_SNAKE\GAME_SNAKE\Gameplay.cpp(307,19): warning C4244:  '=': conversion from 'int' to 'float', possible loss of data
D:\GAME BY SFML\GAME_SNAKE\GAME_SNAKE\Gameplay.cpp(321,23): warning C4244:  '=': conversion from 'int' to 'float', possible loss of data
  Intro.cpp
  Menu.cpp
  Resource.cpp
  State.cpp
  StateManager.cpp
  main.cpp
D:\GAME BY SFML\GAME_SNAKE\GAME_SNAKE\Gameplay.cpp(322,23): warning C4244:  '=': conversion from 'int' to 'float', possible loss of data
  Generating code
  17 of 600 functions ( 2.8%) were compiled, the rest were copied from previous compilation.
    1 functions were new in current compilation
    6 functions had inline decision re-evaluated but remain unchanged
  Finished generating code
  GAME_SNAKE.vcxproj -> D:\GAME BY SFML\GAME_SNAKE\Release\GAME_SNAKE.exe
