  Credit.cpp
  Game.cpp
  Gameover.cpp
  Gameplay.cpp
D:\GAME BY SFML\GAME_SNAKE\GAME_SNAKE\Gameplay.cpp(29,22): warning C4244:  '=': conversion from 'int' to 'float', possible loss of data
D:\GAME BY SFML\GAME_SNAKE\GAME_SNAKE\Gameplay.cpp(30,22): warning C4244:  '=': conversion from 'int' to 'float', possible loss of data
D:\GAME BY SFML\GAME_SNAKE\GAME_SNAKE\Gameplay.cpp(92,22): warning C4244:  '=': conversion from 'int' to 'float', possible loss of data
D:\GAME BY SFML\GAME_SNAKE\GAME_SNAKE\Gameplay.cpp(93,22): warning C4244:  '=': conversion from 'int' to 'float', possible loss of data
D:\GAME BY SFML\GAME_SNAKE\GAME_SNAKE\Gameplay.cpp(102,38): warning C4305:  'argument': truncation from 'double' to 'float'
D:\GAME BY SFML\GAME_SNAKE\GAME_SNAKE\Gameplay.cpp(306,18): warning C4244:  '=': conversion from 'int' to 'float', possible loss of data
D:\GAME BY SFML\GAME_SNAKE\GAME_SNAKE\Gameplay.cpp(307,19): warning C4244:  '=': conversion from 'int' to 'float', possible loss of data
D:\GAME BY SFML\GAME_SNAKE\GAME_SNAKE\Gameplay.cpp(321,23): warning C4244:  '=': conversion from 'int' to 'float', possible loss of data
  Intro.cpp
  Menu.cpp
  Resource.cpp
  State.cpp
  StateManager.cpp
  main.cpp
  Generating Code...
D:\GAME BY SFML\GAME_SNAKE\GAME_SNAKE\Gameplay.cpp(322,23): warning C4244:  '=': conversion from 'int' to 'float', possible loss of data
  GAME_SNAKE.vcxproj -> D:\GAME BY SFML\GAME_SNAKE\Debug\GAME_SNAKE.exe
